Build output check failed:
    Regex: 'command line option .* is valid for .* but not for C\+\+'
    Output line: 'cc1plus: warning: command line option ‘-Wmissing-prototypes’ is valid for C/ObjC but not for C++'
Compilation failed:
    source file: '/home/windows/Desktop/cctv/node_modules/opencv-build/opencv/build/CMakeFiles/CMakeTmp/src.cxx'
    check option: ' -fsigned-char -W -Wall -Werror=return-type -Werror=non-virtual-dtor -Werror=address -Werror=sequence-point -Wformat -Werror=format-security -Wmissing-declarations  -Wmissing-prototypes'
===== BUILD LOG =====
Change Dir: /home/windows/Desktop/cctv/node_modules/opencv-build/opencv/build/CMakeFiles/CMakeTmp

Run Build Command:"/usr/bin/make" "cmTC_e61ee/fast"
/usr/bin/make -f CMakeFiles/cmTC_e61ee.dir/build.make CMakeFiles/cmTC_e61ee.dir/build
make[1]: Entering directory '/home/windows/Desktop/cctv/node_modules/opencv-build/opencv/build/CMakeFiles/CMakeTmp'
Building CXX object CMakeFiles/cmTC_e61ee.dir/src.cxx.o
/usr/bin/c++    -O3 -DNDEBUG -fPIE   -fsigned-char -W -Wall -Werror=return-type -Werror=non-virtual-dtor -Werror=address -Werror=sequence-point -Wformat -Werror=format-security -Wmissing-declarations -Wmissing-prototypes -o CMakeFiles/cmTC_e61ee.dir/src.cxx.o -c /home/windows/Desktop/cctv/node_modules/opencv-build/opencv/build/CMakeFiles/CMakeTmp/src.cxx
cc1plus: warning: command line option ‘-Wmissing-prototypes’ is valid for C/ObjC but not for C++
/home/windows/Desktop/cctv/node_modules/opencv-build/opencv/build/CMakeFiles/CMakeTmp/src.cxx:1:0: warning: ignoring #pragma   [-Wunknown-pragmas]
 #pragma
 
Linking CXX executable cmTC_e61ee
/usr/bin/cmake -E cmake_link_script CMakeFiles/cmTC_e61ee.dir/link.txt --verbose=1
/usr/bin/c++    -O3 -DNDEBUG    -rdynamic CMakeFiles/cmTC_e61ee.dir/src.cxx.o  -o cmTC_e61ee 
make[1]: Leaving directory '/home/windows/Desktop/cctv/node_modules/opencv-build/opencv/build/CMakeFiles/CMakeTmp'

===== END =====

Build output check failed:
    Regex: 'command line option .* is valid for .* but not for C\+\+'
    Output line: 'cc1plus: warning: command line option ‘-Wstrict-prototypes’ is valid for C/ObjC but not for C++'
Compilation failed:
    source file: '/home/windows/Desktop/cctv/node_modules/opencv-build/opencv/build/CMakeFiles/CMakeTmp/src.cxx'
    check option: ' -fsigned-char -W -Wall -Werror=return-type -Werror=non-virtual-dtor -Werror=address -Werror=sequence-point -Wformat -Werror=format-security -Wmissing-declarations  -Wstrict-prototypes'
===== BUILD LOG =====
Change Dir: /home/windows/Desktop/cctv/node_modules/opencv-build/opencv/build/CMakeFiles/CMakeTmp

Run Build Command:"/usr/bin/make" "cmTC_7971f/fast"
/usr/bin/make -f CMakeFiles/cmTC_7971f.dir/build.make CMakeFiles/cmTC_7971f.dir/build
make[1]: Entering directory '/home/windows/Desktop/cctv/node_modules/opencv-build/opencv/build/CMakeFiles/CMakeTmp'
Building CXX object CMakeFiles/cmTC_7971f.dir/src.cxx.o
/usr/bin/c++    -O3 -DNDEBUG -fPIE   -fsigned-char -W -Wall -Werror=return-type -Werror=non-virtual-dtor -Werror=address -Werror=sequence-point -Wformat -Werror=format-security -Wmissing-declarations -Wstrict-prototypes -o CMakeFiles/cmTC_7971f.dir/src.cxx.o -c /home/windows/Desktop/cctv/node_modules/opencv-build/opencv/build/CMakeFiles/CMakeTmp/src.cxx
cc1plus: warning: command line option ‘-Wstrict-prototypes’ is valid for C/ObjC but not for C++
/home/windows/Desktop/cctv/node_modules/opencv-build/opencv/build/CMakeFiles/CMakeTmp/src.cxx:1:0: warning: ignoring #pragma   [-Wunknown-pragmas]
 #pragma
 
Linking CXX executable cmTC_7971f
/usr/bin/cmake -E cmake_link_script CMakeFiles/cmTC_7971f.dir/link.txt --verbose=1
/usr/bin/c++    -O3 -DNDEBUG    -rdynamic CMakeFiles/cmTC_7971f.dir/src.cxx.o  -o cmTC_7971f 
make[1]: Leaving directory '/home/windows/Desktop/cctv/node_modules/opencv-build/opencv/build/CMakeFiles/CMakeTmp'

===== END =====

Build output check failed:
    Regex: 'command line option .* is valid for .* but not for C'
    Output line: 'cc1: warning: command line option ‘-Wsign-promo’ is valid for C++/ObjC++ but not for C'
Compilation failed:
    source file: '/home/windows/Desktop/cctv/node_modules/opencv-build/opencv/build/CMakeFiles/CMakeTmp/src.c'
    check option: ' -fsigned-char -W -Wall -Werror=return-type -Werror=non-virtual-dtor -Werror=address -Werror=sequence-point -Wformat -Werror=format-security -Wmissing-declarations -Wmissing-prototypes -Wstrict-prototypes -Wundef -Winit-self -Wpointer-arith -Wshadow  -Wsign-promo'
===== BUILD LOG =====
Change Dir: /home/windows/Desktop/cctv/node_modules/opencv-build/opencv/build/CMakeFiles/CMakeTmp

Run Build Command:"/usr/bin/make" "cmTC_267e6/fast"
/usr/bin/make -f CMakeFiles/cmTC_267e6.dir/build.make CMakeFiles/cmTC_267e6.dir/build
make[1]: Entering directory '/home/windows/Desktop/cctv/node_modules/opencv-build/opencv/build/CMakeFiles/CMakeTmp'
Building C object CMakeFiles/cmTC_267e6.dir/src.c.o
/usr/bin/cc   -O3 -DNDEBUG -fPIE   -fsigned-char -W -Wall -Werror=return-type -Werror=non-virtual-dtor -Werror=address -Werror=sequence-point -Wformat -Werror=format-security -Wmissing-declarations -Wmissing-prototypes -Wstrict-prototypes -Wundef -Winit-self -Wpointer-arith -Wshadow -Wsign-promo -o CMakeFiles/cmTC_267e6.dir/src.c.o   -c /home/windows/Desktop/cctv/node_modules/opencv-build/opencv/build/CMakeFiles/CMakeTmp/src.c
cc1: warning: ‘-Werror=’ argument ‘-Werror=non-virtual-dtor’ is not valid for C
cc1: warning: command line option ‘-Wsign-promo’ is valid for C++/ObjC++ but not for C
/home/windows/Desktop/cctv/node_modules/opencv-build/opencv/build/CMakeFiles/CMakeTmp/src.c:1:0: warning: ignoring #pragma   [-Wunknown-pragmas]
 #pragma
 
Linking C executable cmTC_267e6
/usr/bin/cmake -E cmake_link_script CMakeFiles/cmTC_267e6.dir/link.txt --verbose=1
/usr/bin/cc   -O3 -DNDEBUG    -rdynamic CMakeFiles/cmTC_267e6.dir/src.c.o  -o cmTC_267e6 
make[1]: Leaving directory '/home/windows/Desktop/cctv/node_modules/opencv-build/opencv/build/CMakeFiles/CMakeTmp'

===== END =====

Build output check failed:
    Regex: 'command line option .* is valid for .* but not for C'
    Output line: 'cc1: warning: command line option ‘-Wno-delete-non-virtual-dtor’ is valid for C++/ObjC++ but not for C'
Compilation failed:
    source file: '/home/windows/Desktop/cctv/node_modules/opencv-build/opencv/build/CMakeFiles/CMakeTmp/src.c'
    check option: ' -fsigned-char -W -Wall -Werror=return-type -Werror=non-virtual-dtor -Werror=address -Werror=sequence-point -Wformat -Werror=format-security -Wmissing-declarations -Wmissing-prototypes -Wstrict-prototypes -Wundef -Winit-self -Wpointer-arith -Wshadow -Wuninitialized -Winit-self  -Wno-delete-non-virtual-dtor'
===== BUILD LOG =====
Change Dir: /home/windows/Desktop/cctv/node_modules/opencv-build/opencv/build/CMakeFiles/CMakeTmp

Run Build Command:"/usr/bin/make" "cmTC_a3731/fast"
/usr/bin/make -f CMakeFiles/cmTC_a3731.dir/build.make CMakeFiles/cmTC_a3731.dir/build
make[1]: Entering directory '/home/windows/Desktop/cctv/node_modules/opencv-build/opencv/build/CMakeFiles/CMakeTmp'
Building C object CMakeFiles/cmTC_a3731.dir/src.c.o
/usr/bin/cc   -O3 -DNDEBUG -fPIE   -fsigned-char -W -Wall -Werror=return-type -Werror=non-virtual-dtor -Werror=address -Werror=sequence-point -Wformat -Werror=format-security -Wmissing-declarations -Wmissing-prototypes -Wstrict-prototypes -Wundef -Winit-self -Wpointer-arith -Wshadow -Wuninitialized -Winit-self -Wno-delete-non-virtual-dtor -o CMakeFiles/cmTC_a3731.dir/src.c.o   -c /home/windows/Desktop/cctv/node_modules/opencv-build/opencv/build/CMakeFiles/CMakeTmp/src.c
cc1: warning: ‘-Werror=’ argument ‘-Werror=non-virtual-dtor’ is not valid for C
cc1: warning: command line option ‘-Wno-delete-non-virtual-dtor’ is valid for C++/ObjC++ but not for C
/home/windows/Desktop/cctv/node_modules/opencv-build/opencv/build/CMakeFiles/CMakeTmp/src.c:1:0: warning: ignoring #pragma   [-Wunknown-pragmas]
 #pragma
 
Linking C executable cmTC_a3731
/usr/bin/cmake -E cmake_link_script CMakeFiles/cmTC_a3731.dir/link.txt --verbose=1
/usr/bin/cc   -O3 -DNDEBUG    -rdynamic CMakeFiles/cmTC_a3731.dir/src.c.o  -o cmTC_a3731 
make[1]: Leaving directory '/home/windows/Desktop/cctv/node_modules/opencv-build/opencv/build/CMakeFiles/CMakeTmp'

===== END =====

Build output check failed:
    Regex: 'unrecognized .*option'
    Output line: 'cc1plus: warning: unrecognized command line option ‘-Wno-unnamed-type-template-args’'
Compilation failed:
    source file: '/home/windows/Desktop/cctv/node_modules/opencv-build/opencv/build/CMakeFiles/CMakeTmp/src.cxx'
    check option: ' -fsigned-char -W -Wall -Werror=return-type -Werror=non-virtual-dtor -Werror=address -Werror=sequence-point -Wformat -Werror=format-security -Wmissing-declarations -Wundef -Winit-self -Wpointer-arith -Wshadow -Wsign-promo -Wuninitialized -Winit-self -Wno-delete-non-virtual-dtor  -Wno-unnamed-type-template-args'
===== BUILD LOG =====
Change Dir: /home/windows/Desktop/cctv/node_modules/opencv-build/opencv/build/CMakeFiles/CMakeTmp

Run Build Command:"/usr/bin/make" "cmTC_7ac95/fast"
/usr/bin/make -f CMakeFiles/cmTC_7ac95.dir/build.make CMakeFiles/cmTC_7ac95.dir/build
make[1]: Entering directory '/home/windows/Desktop/cctv/node_modules/opencv-build/opencv/build/CMakeFiles/CMakeTmp'
Building CXX object CMakeFiles/cmTC_7ac95.dir/src.cxx.o
/usr/bin/c++    -O3 -DNDEBUG -fPIE   -fsigned-char -W -Wall -Werror=return-type -Werror=non-virtual-dtor -Werror=address -Werror=sequence-point -Wformat -Werror=format-security -Wmissing-declarations -Wundef -Winit-self -Wpointer-arith -Wshadow -Wsign-promo -Wuninitialized -Winit-self -Wno-delete-non-virtual-dtor -Wno-unnamed-type-template-args -o CMakeFiles/cmTC_7ac95.dir/src.cxx.o -c /home/windows/Desktop/cctv/node_modules/opencv-build/opencv/build/CMakeFiles/CMakeTmp/src.cxx
/home/windows/Desktop/cctv/node_modules/opencv-build/opencv/build/CMakeFiles/CMakeTmp/src.cxx:1:0: warning: ignoring #pragma   [-Wunknown-pragmas]
 #pragma
 
cc1plus: warning: unrecognized command line option ‘-Wno-unnamed-type-template-args’
Linking CXX executable cmTC_7ac95
/usr/bin/cmake -E cmake_link_script CMakeFiles/cmTC_7ac95.dir/link.txt --verbose=1
/usr/bin/c++    -O3 -DNDEBUG    -rdynamic CMakeFiles/cmTC_7ac95.dir/src.cxx.o  -o cmTC_7ac95 
make[1]: Leaving directory '/home/windows/Desktop/cctv/node_modules/opencv-build/opencv/build/CMakeFiles/CMakeTmp'

===== END =====

Build output check failed:
    Regex: 'unrecognized .*option'
    Output line: 'cc1: warning: unrecognized command line option ‘-Wno-unnamed-type-template-args’'
Compilation failed:
    source file: '/home/windows/Desktop/cctv/node_modules/opencv-build/opencv/build/CMakeFiles/CMakeTmp/src.c'
    check option: ' -fsigned-char -W -Wall -Werror=return-type -Werror=non-virtual-dtor -Werror=address -Werror=sequence-point -Wformat -Werror=format-security -Wmissing-declarations -Wmissing-prototypes -Wstrict-prototypes -Wundef -Winit-self -Wpointer-arith -Wshadow -Wuninitialized -Winit-self  -Wno-unnamed-type-template-args'
===== BUILD LOG =====
Change Dir: /home/windows/Desktop/cctv/node_modules/opencv-build/opencv/build/CMakeFiles/CMakeTmp

Run Build Command:"/usr/bin/make" "cmTC_bf5f5/fast"
/usr/bin/make -f CMakeFiles/cmTC_bf5f5.dir/build.make CMakeFiles/cmTC_bf5f5.dir/build
make[1]: Entering directory '/home/windows/Desktop/cctv/node_modules/opencv-build/opencv/build/CMakeFiles/CMakeTmp'
Building C object CMakeFiles/cmTC_bf5f5.dir/src.c.o
/usr/bin/cc   -O3 -DNDEBUG -fPIE   -fsigned-char -W -Wall -Werror=return-type -Werror=non-virtual-dtor -Werror=address -Werror=sequence-point -Wformat -Werror=format-security -Wmissing-declarations -Wmissing-prototypes -Wstrict-prototypes -Wundef -Winit-self -Wpointer-arith -Wshadow -Wuninitialized -Winit-self -Wno-unnamed-type-template-args -o CMakeFiles/cmTC_bf5f5.dir/src.c.o   -c /home/windows/Desktop/cctv/node_modules/opencv-build/opencv/build/CMakeFiles/CMakeTmp/src.c
cc1: warning: ‘-Werror=’ argument ‘-Werror=non-virtual-dtor’ is not valid for C
/home/windows/Desktop/cctv/node_modules/opencv-build/opencv/build/CMakeFiles/CMakeTmp/src.c:1:0: warning: ignoring #pragma   [-Wunknown-pragmas]
 #pragma
 
cc1: warning: unrecognized command line option ‘-Wno-unnamed-type-template-args’
Linking C executable cmTC_bf5f5
/usr/bin/cmake -E cmake_link_script CMakeFiles/cmTC_bf5f5.dir/link.txt --verbose=1
/usr/bin/cc   -O3 -DNDEBUG    -rdynamic CMakeFiles/cmTC_bf5f5.dir/src.c.o  -o cmTC_bf5f5 
make[1]: Leaving directory '/home/windows/Desktop/cctv/node_modules/opencv-build/opencv/build/CMakeFiles/CMakeTmp'

===== END =====

Build output check failed:
    Regex: 'command line option .* is valid for .* but not for C'
    Output line: 'cc1: warning: command line option ‘-fvisibility-inlines-hidden’ is valid for C++/ObjC++ but not for C'
Compilation failed:
    source file: '/home/windows/Desktop/cctv/node_modules/opencv-build/opencv/build/CMakeFiles/CMakeTmp/src.c'
    check option: ' -fsigned-char -W -Wall -Werror=return-type -Werror=non-virtual-dtor -Werror=address -Werror=sequence-point -Wformat -Werror=format-security -Wmissing-declarations -Wmissing-prototypes -Wstrict-prototypes -Wundef -Winit-self -Wpointer-arith -Wshadow -Wuninitialized -Winit-self -Wno-comment -Wimplicit-fallthrough=3 -Wno-strict-overflow -fdiagnostics-show-option -Wno-long-long -pthread -fomit-frame-pointer -ffunction-sections -fdata-sections  -msse -msse2 -msse3 -fvisibility=hidden  -fvisibility-inlines-hidden'
===== BUILD LOG =====
Change Dir: /home/windows/Desktop/cctv/node_modules/opencv-build/opencv/build/CMakeFiles/CMakeTmp

Run Build Command:"/usr/bin/make" "cmTC_bed14/fast"
/usr/bin/make -f CMakeFiles/cmTC_bed14.dir/build.make CMakeFiles/cmTC_bed14.dir/build
make[1]: Entering directory '/home/windows/Desktop/cctv/node_modules/opencv-build/opencv/build/CMakeFiles/CMakeTmp'
Building C object CMakeFiles/cmTC_bed14.dir/src.c.o
/usr/bin/cc   -O3 -DNDEBUG -fPIE   -fsigned-char -W -Wall -Werror=return-type -Werror=non-virtual-dtor -Werror=address -Werror=sequence-point -Wformat -Werror=format-security -Wmissing-declarations -Wmissing-prototypes -Wstrict-prototypes -Wundef -Winit-self -Wpointer-arith -Wshadow -Wuninitialized -Winit-self -Wno-comment -Wimplicit-fallthrough=3 -Wno-strict-overflow -fdiagnostics-show-option -Wno-long-long -pthread -fomit-frame-pointer -ffunction-sections -fdata-sections -msse -msse2 -msse3 -fvisibility=hidden -fvisibility-inlines-hidden -o CMakeFiles/cmTC_bed14.dir/src.c.o   -c /home/windows/Desktop/cctv/node_modules/opencv-build/opencv/build/CMakeFiles/CMakeTmp/src.c
cc1: warning: ‘-Werror=’ argument ‘-Werror=non-virtual-dtor’ is not valid for C
cc1: warning: command line option ‘-fvisibility-inlines-hidden’ is valid for C++/ObjC++ but not for C
/home/windows/Desktop/cctv/node_modules/opencv-build/opencv/build/CMakeFiles/CMakeTmp/src.c:1:0: warning: ignoring #pragma   [-Wunknown-pragmas]
 #pragma
 
Linking C executable cmTC_bed14
/usr/bin/cmake -E cmake_link_script CMakeFiles/cmTC_bed14.dir/link.txt --verbose=1
/usr/bin/cc   -O3 -DNDEBUG    -rdynamic CMakeFiles/cmTC_bed14.dir/src.c.o  -o cmTC_bed14 
make[1]: Leaving directory '/home/windows/Desktop/cctv/node_modules/opencv-build/opencv/build/CMakeFiles/CMakeTmp'

===== END =====

Determining size of off64_t failed with the following output:
Change Dir: /home/windows/Desktop/cctv/node_modules/opencv-build/opencv/build/CMakeFiles/CMakeTmp

Run Build Command:"/usr/bin/make" "cmTC_08785/fast"
/usr/bin/make -f CMakeFiles/cmTC_08785.dir/build.make CMakeFiles/cmTC_08785.dir/build
make[1]: Entering directory '/home/windows/Desktop/cctv/node_modules/opencv-build/opencv/build/CMakeFiles/CMakeTmp'
Building C object CMakeFiles/cmTC_08785.dir/OFF64_T.c.o
/usr/bin/cc   -fsigned-char -W -Wall -Werror=return-type -Werror=non-virtual-dtor -Werror=address -Werror=sequence-point -Wformat -Werror=format-security -Wmissing-declarations -Wmissing-prototypes -Wstrict-prototypes -Wundef -Winit-self -Wpointer-arith -Wshadow -Wuninitialized -Winit-self -Wno-comment -Wimplicit-fallthrough=3 -Wno-strict-overflow -fdiagnostics-show-option -Wno-long-long -pthread -fomit-frame-pointer -ffunction-sections -fdata-sections  -msse -msse2 -msse3 -fvisibility=hidden  -O3 -DNDEBUG -fPIE   -o CMakeFiles/cmTC_08785.dir/OFF64_T.c.o   -c /home/windows/Desktop/cctv/node_modules/opencv-build/opencv/build/CMakeFiles/CheckTypeSize/OFF64_T.c
cc1: warning: ‘-Werror=’ argument ‘-Werror=non-virtual-dtor’ is not valid for C
/home/windows/Desktop/cctv/node_modules/opencv-build/opencv/build/CMakeFiles/CheckTypeSize/OFF64_T.c:23:22: error: ‘off64_t’ undeclared here (not in a function); did you mean ‘off_t’?
 #define SIZE (sizeof(off64_t))
                      ^
/home/windows/Desktop/cctv/node_modules/opencv-build/opencv/build/CMakeFiles/CheckTypeSize/OFF64_T.c:25:12: note: in expansion of macro ‘SIZE’
   ('0' + ((SIZE / 10000)%10)),
            ^~~~
CMakeFiles/cmTC_08785.dir/build.make:65: recipe for target 'CMakeFiles/cmTC_08785.dir/OFF64_T.c.o' failed
make[1]: *** [CMakeFiles/cmTC_08785.dir/OFF64_T.c.o] Error 1
make[1]: Leaving directory '/home/windows/Desktop/cctv/node_modules/opencv-build/opencv/build/CMakeFiles/CMakeTmp'
Makefile:126: recipe for target 'cmTC_08785/fast' failed
make: *** [cmTC_08785/fast] Error 2

/home/windows/Desktop/cctv/node_modules/opencv-build/opencv/build/CMakeFiles/CheckTypeSize/OFF64_T.c:
#include <sys/types.h>
#include <stdint.h>
#include <stddef.h>


#undef KEY
#if defined(__i386)
# define KEY '_','_','i','3','8','6'
#elif defined(__x86_64)
# define KEY '_','_','x','8','6','_','6','4'
#elif defined(__ppc__)
# define KEY '_','_','p','p','c','_','_'
#elif defined(__ppc64__)
# define KEY '_','_','p','p','c','6','4','_','_'
#elif defined(__aarch64__)
# define KEY '_','_','a','a','r','c','h','6','4','_','_'
#elif defined(__ARM_ARCH_7A__)
# define KEY '_','_','A','R','M','_','A','R','C','H','_','7','A','_','_'
#elif defined(__ARM_ARCH_7S__)
# define KEY '_','_','A','R','M','_','A','R','C','H','_','7','S','_','_'
#endif

#define SIZE (sizeof(off64_t))
char info_size[] =  {'I', 'N', 'F', 'O', ':', 's','i','z','e','[',
  ('0' + ((SIZE / 10000)%10)),
  ('0' + ((SIZE / 1000)%10)),
  ('0' + ((SIZE / 100)%10)),
  ('0' + ((SIZE / 10)%10)),
  ('0' +  (SIZE    % 10)),
  ']',
#ifdef KEY
  ' ','k','e','y','[', KEY, ']',
#endif
  '\0'};

#ifdef __CLASSIC_C__
int main(argc, argv) int argc; char *argv[];
#else
int main(int argc, char *argv[])
#endif
{
  int require = 0;
  require += info_size[argc];
  (void)argv;
  return require;
}


Build output check failed:
    Regex: 'unrecognized .*option'
    Output line: 'cc1: warning: unrecognized command line option ‘-Wno-shorten-64-to-32’'
Compilation failed:
    source file: '/home/windows/Desktop/cctv/node_modules/opencv-build/opencv/build/CMakeFiles/CMakeTmp/src.c'
    check option: ' -Wno-shorten-64-to-32'
===== BUILD LOG =====
Change Dir: /home/windows/Desktop/cctv/node_modules/opencv-build/opencv/build/CMakeFiles/CMakeTmp

Run Build Command:"/usr/bin/make" "cmTC_ef90b/fast"
/usr/bin/make -f CMakeFiles/cmTC_ef90b.dir/build.make CMakeFiles/cmTC_ef90b.dir/build
make[1]: Entering directory '/home/windows/Desktop/cctv/node_modules/opencv-build/opencv/build/CMakeFiles/CMakeTmp'
Building C object CMakeFiles/cmTC_ef90b.dir/src.c.o
/usr/bin/cc   -fsigned-char -W -Wall -Werror=return-type -Werror=non-virtual-dtor -Werror=address -Werror=sequence-point -Wformat -Werror=format-security -Wmissing-declarations -Wmissing-prototypes -Wstrict-prototypes -Wundef -Winit-self -Wpointer-arith -Wshadow -Wuninitialized -Winit-self -Wno-comment -Wimplicit-fallthrough=3 -Wno-strict-overflow -fdiagnostics-show-option -Wno-long-long -pthread -fomit-frame-pointer -ffunction-sections -fdata-sections  -msse -msse2 -msse3 -fvisibility=hidden  -O3 -DNDEBUG -fPIE   -Wno-shorten-64-to-32 -o CMakeFiles/cmTC_ef90b.dir/src.c.o   -c /home/windows/Desktop/cctv/node_modules/opencv-build/opencv/build/CMakeFiles/CMakeTmp/src.c
cc1: warning: ‘-Werror=’ argument ‘-Werror=non-virtual-dtor’ is not valid for C
/home/windows/Desktop/cctv/node_modules/opencv-build/opencv/build/CMakeFiles/CMakeTmp/src.c:1:0: warning: ignoring #pragma   [-Wunknown-pragmas]
 #pragma
 
cc1: warning: unrecognized command line option ‘-Wno-shorten-64-to-32’
Linking C executable cmTC_ef90b
/usr/bin/cmake -E cmake_link_script CMakeFiles/cmTC_ef90b.dir/link.txt --verbose=1
/usr/bin/cc    -fsigned-char -W -Wall -Werror=return-type -Werror=non-virtual-dtor -Werror=address -Werror=sequence-point -Wformat -Werror=format-security -Wmissing-declarations -Wmissing-prototypes -Wstrict-prototypes -Wundef -Winit-self -Wpointer-arith -Wshadow -Wuninitialized -Winit-self -Wno-comment -Wimplicit-fallthrough=3 -Wno-strict-overflow -fdiagnostics-show-option -Wno-long-long -pthread -fomit-frame-pointer -ffunction-sections -fdata-sections  -msse -msse2 -msse3 -fvisibility=hidden  -O3 -DNDEBUG    -Wl,--gc-sections  -rdynamic CMakeFiles/cmTC_ef90b.dir/src.c.o  -o cmTC_ef90b 
make[1]: Leaving directory '/home/windows/Desktop/cctv/node_modules/opencv-build/opencv/build/CMakeFiles/CMakeTmp'

===== END =====

Determining if the include file io.h exists failed with the following output:
Change Dir: /home/windows/Desktop/cctv/node_modules/opencv-build/opencv/build/CMakeFiles/CMakeTmp

Run Build Command:"/usr/bin/make" "cmTC_38c66/fast"
/usr/bin/make -f CMakeFiles/cmTC_38c66.dir/build.make CMakeFiles/cmTC_38c66.dir/build
make[1]: Entering directory '/home/windows/Desktop/cctv/node_modules/opencv-build/opencv/build/CMakeFiles/CMakeTmp'
Building C object CMakeFiles/cmTC_38c66.dir/CheckIncludeFile.c.o
/usr/bin/cc   -fsigned-char -W -Wall -Werror=return-type -Werror=non-virtual-dtor -Werror=address -Werror=sequence-point -Wformat -Werror=format-security -Wmissing-declarations -Wmissing-prototypes -Wstrict-prototypes -Wundef -Winit-self -Wpointer-arith -Wshadow -Wuninitialized -Winit-self -Wno-comment -Wimplicit-fallthrough=3 -Wno-strict-overflow -fdiagnostics-show-option -Wno-long-long -pthread -fomit-frame-pointer -ffunction-sections -fdata-sections  -msse -msse2 -msse3 -fvisibility=hidden  -O3 -DNDEBUG -fPIE   -o CMakeFiles/cmTC_38c66.dir/CheckIncludeFile.c.o   -c /home/windows/Desktop/cctv/node_modules/opencv-build/opencv/build/CMakeFiles/CMakeTmp/CheckIncludeFile.c
cc1: warning: ‘-Werror=’ argument ‘-Werror=non-virtual-dtor’ is not valid for C
/home/windows/Desktop/cctv/node_modules/opencv-build/opencv/build/CMakeFiles/CMakeTmp/CheckIncludeFile.c:1:10: fatal error: io.h: No such file or directory
 #include <io.h>
          ^~~~~~
compilation terminated.
CMakeFiles/cmTC_38c66.dir/build.make:65: recipe for target 'CMakeFiles/cmTC_38c66.dir/CheckIncludeFile.c.o' failed
make[1]: *** [CMakeFiles/cmTC_38c66.dir/CheckIncludeFile.c.o] Error 1
make[1]: Leaving directory '/home/windows/Desktop/cctv/node_modules/opencv-build/opencv/build/CMakeFiles/CMakeTmp'
Makefile:126: recipe for target 'cmTC_38c66/fast' failed
make: *** [cmTC_38c66/fast] Error 2


Determining size of INT8 failed with the following output:
Change Dir: /home/windows/Desktop/cctv/node_modules/opencv-build/opencv/build/CMakeFiles/CMakeTmp

Run Build Command:"/usr/bin/make" "cmTC_20d0c/fast"
/usr/bin/make -f CMakeFiles/cmTC_20d0c.dir/build.make CMakeFiles/cmTC_20d0c.dir/build
make[1]: Entering directory '/home/windows/Desktop/cctv/node_modules/opencv-build/opencv/build/CMakeFiles/CMakeTmp'
Building C object CMakeFiles/cmTC_20d0c.dir/int8.c.o
/usr/bin/cc   -fsigned-char -W -Wall -Werror=return-type -Werror=non-virtual-dtor -Werror=address -Werror=sequence-point -Wformat -Werror=format-security -Wmissing-declarations -Wmissing-prototypes -Wstrict-prototypes -Wundef -Winit-self -Wpointer-arith -Wshadow -Wuninitialized -Winit-self -Wno-comment -Wimplicit-fallthrough=3 -Wno-strict-overflow -fdiagnostics-show-option -Wno-long-long -pthread -fomit-frame-pointer -ffunction-sections -fdata-sections  -msse -msse2 -msse3 -fvisibility=hidden  -O3 -DNDEBUG -fPIE   -o CMakeFiles/cmTC_20d0c.dir/int8.c.o   -c /home/windows/Desktop/cctv/node_modules/opencv-build/opencv/build/CMakeFiles/CheckTypeSize/int8.c
cc1: warning: ‘-Werror=’ argument ‘-Werror=non-virtual-dtor’ is not valid for C
/home/windows/Desktop/cctv/node_modules/opencv-build/opencv/build/CMakeFiles/CheckTypeSize/int8.c:23:22: error: ‘INT8’ undeclared here (not in a function); did you mean ‘INT8_C’?
 #define SIZE (sizeof(INT8))
                      ^
/home/windows/Desktop/cctv/node_modules/opencv-build/opencv/build/CMakeFiles/CheckTypeSize/int8.c:25:12: note: in expansion of macro ‘SIZE’
   ('0' + ((SIZE / 10000)%10)),
            ^~~~
CMakeFiles/cmTC_20d0c.dir/build.make:65: recipe for target 'CMakeFiles/cmTC_20d0c.dir/int8.c.o' failed
make[1]: *** [CMakeFiles/cmTC_20d0c.dir/int8.c.o] Error 1
make[1]: Leaving directory '/home/windows/Desktop/cctv/node_modules/opencv-build/opencv/build/CMakeFiles/CMakeTmp'
Makefile:126: recipe for target 'cmTC_20d0c/fast' failed
make: *** [cmTC_20d0c/fast] Error 2

/home/windows/Desktop/cctv/node_modules/opencv-build/opencv/build/CMakeFiles/CheckTypeSize/int8.c:
#include <sys/types.h>
#include <stdint.h>
#include <stddef.h>


#undef KEY
#if defined(__i386)
# define KEY '_','_','i','3','8','6'
#elif defined(__x86_64)
# define KEY '_','_','x','8','6','_','6','4'
#elif defined(__ppc__)
# define KEY '_','_','p','p','c','_','_'
#elif defined(__ppc64__)
# define KEY '_','_','p','p','c','6','4','_','_'
#elif defined(__aarch64__)
# define KEY '_','_','a','a','r','c','h','6','4','_','_'
#elif defined(__ARM_ARCH_7A__)
# define KEY '_','_','A','R','M','_','A','R','C','H','_','7','A','_','_'
#elif defined(__ARM_ARCH_7S__)
# define KEY '_','_','A','R','M','_','A','R','C','H','_','7','S','_','_'
#endif

#define SIZE (sizeof(INT8))
char info_size[] =  {'I', 'N', 'F', 'O', ':', 's','i','z','e','[',
  ('0' + ((SIZE / 10000)%10)),
  ('0' + ((SIZE / 1000)%10)),
  ('0' + ((SIZE / 100)%10)),
  ('0' + ((SIZE / 10)%10)),
  ('0' +  (SIZE    % 10)),
  ']',
#ifdef KEY
  ' ','k','e','y','[', KEY, ']',
#endif
  '\0'};

#ifdef __CLASSIC_C__
int main(argc, argv) int argc; char *argv[];
#else
int main(int argc, char *argv[])
#endif
{
  int require = 0;
  require += info_size[argc];
  (void)argv;
  return require;
}


Determining size of INT16 failed with the following output:
Change Dir: /home/windows/Desktop/cctv/node_modules/opencv-build/opencv/build/CMakeFiles/CMakeTmp

Run Build Command:"/usr/bin/make" "cmTC_0957b/fast"
/usr/bin/make -f CMakeFiles/cmTC_0957b.dir/build.make CMakeFiles/cmTC_0957b.dir/build
make[1]: Entering directory '/home/windows/Desktop/cctv/node_modules/opencv-build/opencv/build/CMakeFiles/CMakeTmp'
Building C object CMakeFiles/cmTC_0957b.dir/int16.c.o
/usr/bin/cc   -fsigned-char -W -Wall -Werror=return-type -Werror=non-virtual-dtor -Werror=address -Werror=sequence-point -Wformat -Werror=format-security -Wmissing-declarations -Wmissing-prototypes -Wstrict-prototypes -Wundef -Winit-self -Wpointer-arith -Wshadow -Wuninitialized -Winit-self -Wno-comment -Wimplicit-fallthrough=3 -Wno-strict-overflow -fdiagnostics-show-option -Wno-long-long -pthread -fomit-frame-pointer -ffunction-sections -fdata-sections  -msse -msse2 -msse3 -fvisibility=hidden  -O3 -DNDEBUG -fPIE   -o CMakeFiles/cmTC_0957b.dir/int16.c.o   -c /home/windows/Desktop/cctv/node_modules/opencv-build/opencv/build/CMakeFiles/CheckTypeSize/int16.c
cc1: warning: ‘-Werror=’ argument ‘-Werror=non-virtual-dtor’ is not valid for C
/home/windows/Desktop/cctv/node_modules/opencv-build/opencv/build/CMakeFiles/CheckTypeSize/int16.c:23:22: error: ‘INT16’ undeclared here (not in a function); did you mean ‘INT16_C’?
 #define SIZE (sizeof(INT16))
                      ^
/home/windows/Desktop/cctv/node_modules/opencv-build/opencv/build/CMakeFiles/CheckTypeSize/int16.c:25:12: note: in expansion of macro ‘SIZE’
   ('0' + ((SIZE / 10000)%10)),
            ^~~~
CMakeFiles/cmTC_0957b.dir/build.make:65: recipe for target 'CMakeFiles/cmTC_0957b.dir/int16.c.o' failed
make[1]: *** [CMakeFiles/cmTC_0957b.dir/int16.c.o] Error 1
make[1]: Leaving directory '/home/windows/Desktop/cctv/node_modules/opencv-build/opencv/build/CMakeFiles/CMakeTmp'
Makefile:126: recipe for target 'cmTC_0957b/fast' failed
make: *** [cmTC_0957b/fast] Error 2

/home/windows/Desktop/cctv/node_modules/opencv-build/opencv/build/CMakeFiles/CheckTypeSize/int16.c:
#include <sys/types.h>
#include <stdint.h>
#include <stddef.h>


#undef KEY
#if defined(__i386)
# define KEY '_','_','i','3','8','6'
#elif defined(__x86_64)
# define KEY '_','_','x','8','6','_','6','4'
#elif defined(__ppc__)
# define KEY '_','_','p','p','c','_','_'
#elif defined(__ppc64__)
# define KEY '_','_','p','p','c','6','4','_','_'
#elif defined(__aarch64__)
# define KEY '_','_','a','a','r','c','h','6','4','_','_'
#elif defined(__ARM_ARCH_7A__)
# define KEY '_','_','A','R','M','_','A','R','C','H','_','7','A','_','_'
#elif defined(__ARM_ARCH_7S__)
# define KEY '_','_','A','R','M','_','A','R','C','H','_','7','S','_','_'
#endif

#define SIZE (sizeof(INT16))
char info_size[] =  {'I', 'N', 'F', 'O', ':', 's','i','z','e','[',
  ('0' + ((SIZE / 10000)%10)),
  ('0' + ((SIZE / 1000)%10)),
  ('0' + ((SIZE / 100)%10)),
  ('0' + ((SIZE / 10)%10)),
  ('0' +  (SIZE    % 10)),
  ']',
#ifdef KEY
  ' ','k','e','y','[', KEY, ']',
#endif
  '\0'};

#ifdef __CLASSIC_C__
int main(argc, argv) int argc; char *argv[];
#else
int main(int argc, char *argv[])
#endif
{
  int require = 0;
  require += info_size[argc];
  (void)argv;
  return require;
}


Determining size of INT32 failed with the following output:
Change Dir: /home/windows/Desktop/cctv/node_modules/opencv-build/opencv/build/CMakeFiles/CMakeTmp

Run Build Command:"/usr/bin/make" "cmTC_ef720/fast"
/usr/bin/make -f CMakeFiles/cmTC_ef720.dir/build.make CMakeFiles/cmTC_ef720.dir/build
make[1]: Entering directory '/home/windows/Desktop/cctv/node_modules/opencv-build/opencv/build/CMakeFiles/CMakeTmp'
Building C object CMakeFiles/cmTC_ef720.dir/int32.c.o
/usr/bin/cc   -fsigned-char -W -Wall -Werror=return-type -Werror=non-virtual-dtor -Werror=address -Werror=sequence-point -Wformat -Werror=format-security -Wmissing-declarations -Wmissing-prototypes -Wstrict-prototypes -Wundef -Winit-self -Wpointer-arith -Wshadow -Wuninitialized -Winit-self -Wno-comment -Wimplicit-fallthrough=3 -Wno-strict-overflow -fdiagnostics-show-option -Wno-long-long -pthread -fomit-frame-pointer -ffunction-sections -fdata-sections  -msse -msse2 -msse3 -fvisibility=hidden  -O3 -DNDEBUG -fPIE   -o CMakeFiles/cmTC_ef720.dir/int32.c.o   -c /home/windows/Desktop/cctv/node_modules/opencv-build/opencv/build/CMakeFiles/CheckTypeSize/int32.c
cc1: warning: ‘-Werror=’ argument ‘-Werror=non-virtual-dtor’ is not valid for C
/home/windows/Desktop/cctv/node_modules/opencv-build/opencv/build/CMakeFiles/CheckTypeSize/int32.c:23:22: error: ‘INT32’ undeclared here (not in a function); did you mean ‘INT32_C’?
 #define SIZE (sizeof(INT32))
                      ^
/home/windows/Desktop/cctv/node_modules/opencv-build/opencv/build/CMakeFiles/CheckTypeSize/int32.c:25:12: note: in expansion of macro ‘SIZE’
   ('0' + ((SIZE / 10000)%10)),
            ^~~~
CMakeFiles/cmTC_ef720.dir/build.make:65: recipe for target 'CMakeFiles/cmTC_ef720.dir/int32.c.o' failed
make[1]: *** [CMakeFiles/cmTC_ef720.dir/int32.c.o] Error 1
make[1]: Leaving directory '/home/windows/Desktop/cctv/node_modules/opencv-build/opencv/build/CMakeFiles/CMakeTmp'
Makefile:126: recipe for target 'cmTC_ef720/fast' failed
make: *** [cmTC_ef720/fast] Error 2

/home/windows/Desktop/cctv/node_modules/opencv-build/opencv/build/CMakeFiles/CheckTypeSize/int32.c:
#include <sys/types.h>
#include <stdint.h>
#include <stddef.h>


#undef KEY
#if defined(__i386)
# define KEY '_','_','i','3','8','6'
#elif defined(__x86_64)
# define KEY '_','_','x','8','6','_','6','4'
#elif defined(__ppc__)
# define KEY '_','_','p','p','c','_','_'
#elif defined(__ppc64__)
# define KEY '_','_','p','p','c','6','4','_','_'
#elif defined(__aarch64__)
# define KEY '_','_','a','a','r','c','h','6','4','_','_'
#elif defined(__ARM_ARCH_7A__)
# define KEY '_','_','A','R','M','_','A','R','C','H','_','7','A','_','_'
#elif defined(__ARM_ARCH_7S__)
# define KEY '_','_','A','R','M','_','A','R','C','H','_','7','S','_','_'
#endif

#define SIZE (sizeof(INT32))
char info_size[] =  {'I', 'N', 'F', 'O', ':', 's','i','z','e','[',
  ('0' + ((SIZE / 10000)%10)),
  ('0' + ((SIZE / 1000)%10)),
  ('0' + ((SIZE / 100)%10)),
  ('0' + ((SIZE / 10)%10)),
  ('0' +  (SIZE    % 10)),
  ']',
#ifdef KEY
  ' ','k','e','y','[', KEY, ']',
#endif
  '\0'};

#ifdef __CLASSIC_C__
int main(argc, argv) int argc; char *argv[];
#else
int main(int argc, char *argv[])
#endif
{
  int require = 0;
  require += info_size[argc];
  (void)argv;
  return require;
}


Determining if the function setmode exists failed with the following output:
Change Dir: /home/windows/Desktop/cctv/node_modules/opencv-build/opencv/build/CMakeFiles/CMakeTmp

Run Build Command:"/usr/bin/make" "cmTC_9eb1a/fast"
/usr/bin/make -f CMakeFiles/cmTC_9eb1a.dir/build.make CMakeFiles/cmTC_9eb1a.dir/build
make[1]: Entering directory '/home/windows/Desktop/cctv/node_modules/opencv-build/opencv/build/CMakeFiles/CMakeTmp'
Building C object CMakeFiles/cmTC_9eb1a.dir/CheckFunctionExists.c.o
/usr/bin/cc   -fsigned-char -W -Wall -Werror=return-type -Werror=non-virtual-dtor -Werror=address -Werror=sequence-point -Wformat -Werror=format-security -Wmissing-declarations -Wmissing-prototypes -Wstrict-prototypes -Wundef -Winit-self -Wpointer-arith -Wshadow -Wuninitialized -Winit-self -Wno-comment -Wimplicit-fallthrough=3 -Wno-strict-overflow -fdiagnostics-show-option -Wno-long-long -pthread -fomit-frame-pointer -ffunction-sections -fdata-sections  -msse -msse2 -msse3 -fvisibility=hidden -DCHECK_FUNCTION_EXISTS=setmode -O3 -DNDEBUG -fPIE   -o CMakeFiles/cmTC_9eb1a.dir/CheckFunctionExists.c.o   -c /usr/share/cmake-3.10/Modules/CheckFunctionExists.c
cc1: warning: ‘-Werror=’ argument ‘-Werror=non-virtual-dtor’ is not valid for C
Linking C executable cmTC_9eb1a
/usr/bin/cmake -E cmake_link_script CMakeFiles/cmTC_9eb1a.dir/link.txt --verbose=1
/usr/bin/cc    -fsigned-char -W -Wall -Werror=return-type -Werror=non-virtual-dtor -Werror=address -Werror=sequence-point -Wformat -Werror=format-security -Wmissing-declarations -Wmissing-prototypes -Wstrict-prototypes -Wundef -Winit-self -Wpointer-arith -Wshadow -Wuninitialized -Winit-self -Wno-comment -Wimplicit-fallthrough=3 -Wno-strict-overflow -fdiagnostics-show-option -Wno-long-long -pthread -fomit-frame-pointer -ffunction-sections -fdata-sections  -msse -msse2 -msse3 -fvisibility=hidden -DCHECK_FUNCTION_EXISTS=setmode -O3 -DNDEBUG    -Wl,--gc-sections  -rdynamic CMakeFiles/cmTC_9eb1a.dir/CheckFunctionExists.c.o  -o cmTC_9eb1a 
CMakeFiles/cmTC_9eb1a.dir/CheckFunctionExists.c.o: In function `main':
CheckFunctionExists.c:(.text.startup.main+0xc): undefined reference to `setmode'
collect2: error: ld returned 1 exit status
CMakeFiles/cmTC_9eb1a.dir/build.make:97: recipe for target 'cmTC_9eb1a' failed
make[1]: *** [cmTC_9eb1a] Error 1
make[1]: Leaving directory '/home/windows/Desktop/cctv/node_modules/opencv-build/opencv/build/CMakeFiles/CMakeTmp'
Makefile:126: recipe for target 'cmTC_9eb1a/fast' failed
make: *** [cmTC_9eb1a/fast] Error 2


Build output check failed:
    Regex: 'command line option .* is valid for .* but not for C\+\+'
    Output line: 'cc1plus: warning: command line option ‘-Wno-missing-prototypes’ is valid for C/ObjC but not for C++'
Compilation failed:
    source file: '/home/windows/Desktop/cctv/node_modules/opencv-build/opencv/build/CMakeFiles/CMakeTmp/src.cxx'
    check option: ' -Wno-missing-prototypes'
===== BUILD LOG =====
Change Dir: /home/windows/Desktop/cctv/node_modules/opencv-build/opencv/build/CMakeFiles/CMakeTmp

Run Build Command:"/usr/bin/make" "cmTC_27549/fast"
/usr/bin/make -f CMakeFiles/cmTC_27549.dir/build.make CMakeFiles/cmTC_27549.dir/build
make[1]: Entering directory '/home/windows/Desktop/cctv/node_modules/opencv-build/opencv/build/CMakeFiles/CMakeTmp'
Building CXX object CMakeFiles/cmTC_27549.dir/src.cxx.o
/usr/bin/c++    -fsigned-char -W -Wall -Werror=return-type -Werror=non-virtual-dtor -Werror=address -Werror=sequence-point -Wformat -Werror=format-security -Wundef -Winit-self -Wpointer-arith -Wshadow -Wsign-promo -Wuninitialized -Winit-self -Wno-delete-non-virtual-dtor -Wno-comment -Wimplicit-fallthrough=3 -Wno-strict-overflow -fdiagnostics-show-option -Wno-long-long -pthread -fomit-frame-pointer -ffunction-sections -fdata-sections  -msse -msse2 -msse3 -fvisibility=hidden -fvisibility-inlines-hidden -Wno-missing-declarations -Wno-unused-parameter  -O3 -DNDEBUG -fPIE   -Wno-missing-prototypes -o CMakeFiles/cmTC_27549.dir/src.cxx.o -c /home/windows/Desktop/cctv/node_modules/opencv-build/opencv/build/CMakeFiles/CMakeTmp/src.cxx
cc1plus: warning: command line option ‘-Wno-missing-prototypes’ is valid for C/ObjC but not for C++
/home/windows/Desktop/cctv/node_modules/opencv-build/opencv/build/CMakeFiles/CMakeTmp/src.cxx:1:0: warning: ignoring #pragma   [-Wunknown-pragmas]
 #pragma
 
Linking CXX executable cmTC_27549
/usr/bin/cmake -E cmake_link_script CMakeFiles/cmTC_27549.dir/link.txt --verbose=1
/usr/bin/c++     -fsigned-char -W -Wall -Werror=return-type -Werror=non-virtual-dtor -Werror=address -Werror=sequence-point -Wformat -Werror=format-security -Wundef -Winit-self -Wpointer-arith -Wshadow -Wsign-promo -Wuninitialized -Winit-self -Wno-delete-non-virtual-dtor -Wno-comment -Wimplicit-fallthrough=3 -Wno-strict-overflow -fdiagnostics-show-option -Wno-long-long -pthread -fomit-frame-pointer -ffunction-sections -fdata-sections  -msse -msse2 -msse3 -fvisibility=hidden -fvisibility-inlines-hidden -Wno-missing-declarations -Wno-unused-parameter  -O3 -DNDEBUG    -Wl,--gc-sections  -rdynamic CMakeFiles/cmTC_27549.dir/src.cxx.o  -o cmTC_27549 
make[1]: Leaving directory '/home/windows/Desktop/cctv/node_modules/opencv-build/opencv/build/CMakeFiles/CMakeTmp'

===== END =====

Build output check failed:
    Regex: 'unrecognized .*option'
    Output line: 'cc1: warning: unrecognized command line option ‘-Wno-absolute-value’'
Compilation failed:
    source file: '/home/windows/Desktop/cctv/node_modules/opencv-build/opencv/build/CMakeFiles/CMakeTmp/src.c'
    check option: ' -Wno-absolute-value'
===== BUILD LOG =====
Change Dir: /home/windows/Desktop/cctv/node_modules/opencv-build/opencv/build/CMakeFiles/CMakeTmp

Run Build Command:"/usr/bin/make" "cmTC_1d82a/fast"
/usr/bin/make -f CMakeFiles/cmTC_1d82a.dir/build.make CMakeFiles/cmTC_1d82a.dir/build
make[1]: Entering directory '/home/windows/Desktop/cctv/node_modules/opencv-build/opencv/build/CMakeFiles/CMakeTmp'
Building C object CMakeFiles/cmTC_1d82a.dir/src.c.o
/usr/bin/cc   -fsigned-char -W -Wall -Werror=return-type -Werror=non-virtual-dtor -Werror=address -Werror=sequence-point -Wformat -Werror=format-security -Wstrict-prototypes -Wundef -Winit-self -Wpointer-arith -Wuninitialized -Winit-self -Wno-comment -Wimplicit-fallthrough=3 -Wno-strict-overflow -fdiagnostics-show-option -Wno-long-long -pthread -fomit-frame-pointer -ffunction-sections -fdata-sections  -msse -msse2 -msse3 -fvisibility=hidden -Wno-implicit-function-declaration -Wno-uninitialized -Wno-missing-prototypes -Wno-unused-but-set-parameter -Wno-missing-declarations -Wno-unused -Wno-shadow -Wno-sign-compare -Wno-strict-overflow -Wno-pointer-compare  -O3 -DNDEBUG -fPIE   -Wno-absolute-value -o CMakeFiles/cmTC_1d82a.dir/src.c.o   -c /home/windows/Desktop/cctv/node_modules/opencv-build/opencv/build/CMakeFiles/CMakeTmp/src.c
cc1: warning: ‘-Werror=’ argument ‘-Werror=non-virtual-dtor’ is not valid for C
/home/windows/Desktop/cctv/node_modules/opencv-build/opencv/build/CMakeFiles/CMakeTmp/src.c:1:0: warning: ignoring #pragma   [-Wunknown-pragmas]
 #pragma
 
cc1: warning: unrecognized command line option ‘-Wno-absolute-value’
Linking C executable cmTC_1d82a
/usr/bin/cmake -E cmake_link_script CMakeFiles/cmTC_1d82a.dir/link.txt --verbose=1
/usr/bin/cc    -fsigned-char -W -Wall -Werror=return-type -Werror=non-virtual-dtor -Werror=address -Werror=sequence-point -Wformat -Werror=format-security -Wstrict-prototypes -Wundef -Winit-self -Wpointer-arith -Wuninitialized -Winit-self -Wno-comment -Wimplicit-fallthrough=3 -Wno-strict-overflow -fdiagnostics-show-option -Wno-long-long -pthread -fomit-frame-pointer -ffunction-sections -fdata-sections  -msse -msse2 -msse3 -fvisibility=hidden -Wno-implicit-function-declaration -Wno-uninitialized -Wno-missing-prototypes -Wno-unused-but-set-parameter -Wno-missing-declarations -Wno-unused -Wno-shadow -Wno-sign-compare -Wno-strict-overflow -Wno-pointer-compare  -O3 -DNDEBUG    -Wl,--gc-sections  -rdynamic CMakeFiles/cmTC_1d82a.dir/src.c.o  -o cmTC_1d82a 
make[1]: Leaving directory '/home/windows/Desktop/cctv/node_modules/opencv-build/opencv/build/CMakeFiles/CMakeTmp'

===== END =====

Build output check failed:
    Regex: 'unrecognized .*option'
    Output line: 'cc1plus: warning: unrecognized command line option ‘-Wno-inconsistent-missing-override’'
Compilation failed:
    source file: '/home/windows/Desktop/cctv/node_modules/opencv-build/opencv/build/CMakeFiles/CMakeTmp/src.cxx'
    check option: ' -Wno-inconsistent-missing-override'
===== BUILD LOG =====
Change Dir: /home/windows/Desktop/cctv/node_modules/opencv-build/opencv/build/CMakeFiles/CMakeTmp

Run Build Command:"/usr/bin/make" "cmTC_fc28f/fast"
/usr/bin/make -f CMakeFiles/cmTC_fc28f.dir/build.make CMakeFiles/cmTC_fc28f.dir/build
make[1]: Entering directory '/home/windows/Desktop/cctv/node_modules/opencv-build/opencv/build/CMakeFiles/CMakeTmp'
Building CXX object CMakeFiles/cmTC_fc28f.dir/src.cxx.o
/usr/bin/c++    -fsigned-char -W -Wall -Werror=return-type -Werror=non-virtual-dtor -Werror=address -Werror=sequence-point -Wformat -Werror=format-security -Winit-self -Wpointer-arith -Wsign-promo -Winit-self -Wno-delete-non-virtual-dtor -Wno-comment -Wimplicit-fallthrough=3 -Wno-strict-overflow -fdiagnostics-show-option -Wno-long-long -pthread -fomit-frame-pointer -ffunction-sections -fdata-sections  -msse -msse2 -msse3 -fvisibility=hidden -fvisibility-inlines-hidden -Wno-shadow -Wno-unused -Wno-sign-compare -Wno-undef -Wno-missing-declarations -Wno-uninitialized -Wno-switch -Wno-parentheses -Wno-array-bounds -Wno-extra -Wno-deprecated-declarations -Wno-misleading-indentation -Wno-deprecated -Wno-suggest-override  -O3 -DNDEBUG -fPIE   -Wno-inconsistent-missing-override -o CMakeFiles/cmTC_fc28f.dir/src.cxx.o -c /home/windows/Desktop/cctv/node_modules/opencv-build/opencv/build/CMakeFiles/CMakeTmp/src.cxx
/home/windows/Desktop/cctv/node_modules/opencv-build/opencv/build/CMakeFiles/CMakeTmp/src.cxx:1:0: warning: ignoring #pragma   [-Wunknown-pragmas]
 #pragma
 
cc1plus: warning: unrecognized command line option ‘-Wno-inconsistent-missing-override’
Linking CXX executable cmTC_fc28f
/usr/bin/cmake -E cmake_link_script CMakeFiles/cmTC_fc28f.dir/link.txt --verbose=1
/usr/bin/c++     -fsigned-char -W -Wall -Werror=return-type -Werror=non-virtual-dtor -Werror=address -Werror=sequence-point -Wformat -Werror=format-security -Winit-self -Wpointer-arith -Wsign-promo -Winit-self -Wno-delete-non-virtual-dtor -Wno-comment -Wimplicit-fallthrough=3 -Wno-strict-overflow -fdiagnostics-show-option -Wno-long-long -pthread -fomit-frame-pointer -ffunction-sections -fdata-sections  -msse -msse2 -msse3 -fvisibility=hidden -fvisibility-inlines-hidden -Wno-shadow -Wno-unused -Wno-sign-compare -Wno-undef -Wno-missing-declarations -Wno-uninitialized -Wno-switch -Wno-parentheses -Wno-array-bounds -Wno-extra -Wno-deprecated-declarations -Wno-misleading-indentation -Wno-deprecated -Wno-suggest-override  -O3 -DNDEBUG    -Wl,--gc-sections  -rdynamic CMakeFiles/cmTC_fc28f.dir/src.cxx.o  -o cmTC_fc28f 
make[1]: Leaving directory '/home/windows/Desktop/cctv/node_modules/opencv-build/opencv/build/CMakeFiles/CMakeTmp'

===== END =====

Determining if the include file linux/videodev.h exists failed with the following output:
Change Dir: /home/windows/Desktop/cctv/node_modules/opencv-build/opencv/build/CMakeFiles/CMakeTmp

Run Build Command:"/usr/bin/make" "cmTC_1718c/fast"
/usr/bin/make -f CMakeFiles/cmTC_1718c.dir/build.make CMakeFiles/cmTC_1718c.dir/build
make[1]: Entering directory '/home/windows/Desktop/cctv/node_modules/opencv-build/opencv/build/CMakeFiles/CMakeTmp'
Building C object CMakeFiles/cmTC_1718c.dir/CheckIncludeFile.c.o
/usr/bin/cc   -fsigned-char -W -Wall -Werror=return-type -Werror=non-virtual-dtor -Werror=address -Werror=sequence-point -Wformat -Werror=format-security -Wmissing-declarations -Wmissing-prototypes -Wstrict-prototypes -Wundef -Winit-self -Wpointer-arith -Wshadow -Wuninitialized -Winit-self -Wno-comment -Wimplicit-fallthrough=3 -Wno-strict-overflow -fdiagnostics-show-option -Wno-long-long -pthread -fomit-frame-pointer -ffunction-sections -fdata-sections  -msse -msse2 -msse3 -fvisibility=hidden  -O3 -DNDEBUG -fPIE   -o CMakeFiles/cmTC_1718c.dir/CheckIncludeFile.c.o   -c /home/windows/Desktop/cctv/node_modules/opencv-build/opencv/build/CMakeFiles/CMakeTmp/CheckIncludeFile.c
cc1: warning: ‘-Werror=’ argument ‘-Werror=non-virtual-dtor’ is not valid for C
/home/windows/Desktop/cctv/node_modules/opencv-build/opencv/build/CMakeFiles/CMakeTmp/CheckIncludeFile.c:1:10: fatal error: linux/videodev.h: No such file or directory
 #include <linux/videodev.h>
          ^~~~~~~~~~~~~~~~~~
compilation terminated.
CMakeFiles/cmTC_1718c.dir/build.make:65: recipe for target 'CMakeFiles/cmTC_1718c.dir/CheckIncludeFile.c.o' failed
make[1]: *** [CMakeFiles/cmTC_1718c.dir/CheckIncludeFile.c.o] Error 1
make[1]: Leaving directory '/home/windows/Desktop/cctv/node_modules/opencv-build/opencv/build/CMakeFiles/CMakeTmp'
Makefile:126: recipe for target 'cmTC_1718c/fast' failed
make: *** [cmTC_1718c/fast] Error 2


Determining if the include file sys/videoio.h exists failed with the following output:
Change Dir: /home/windows/Desktop/cctv/node_modules/opencv-build/opencv/build/CMakeFiles/CMakeTmp

Run Build Command:"/usr/bin/make" "cmTC_2d012/fast"
/usr/bin/make -f CMakeFiles/cmTC_2d012.dir/build.make CMakeFiles/cmTC_2d012.dir/build
make[1]: Entering directory '/home/windows/Desktop/cctv/node_modules/opencv-build/opencv/build/CMakeFiles/CMakeTmp'
Building C object CMakeFiles/cmTC_2d012.dir/CheckIncludeFile.c.o
/usr/bin/cc   -fsigned-char -W -Wall -Werror=return-type -Werror=non-virtual-dtor -Werror=address -Werror=sequence-point -Wformat -Werror=format-security -Wmissing-declarations -Wmissing-prototypes -Wstrict-prototypes -Wundef -Winit-self -Wpointer-arith -Wshadow -Wuninitialized -Winit-self -Wno-comment -Wimplicit-fallthrough=3 -Wno-strict-overflow -fdiagnostics-show-option -Wno-long-long -pthread -fomit-frame-pointer -ffunction-sections -fdata-sections  -msse -msse2 -msse3 -fvisibility=hidden  -O3 -DNDEBUG -fPIE   -o CMakeFiles/cmTC_2d012.dir/CheckIncludeFile.c.o   -c /home/windows/Desktop/cctv/node_modules/opencv-build/opencv/build/CMakeFiles/CMakeTmp/CheckIncludeFile.c
cc1: warning: ‘-Werror=’ argument ‘-Werror=non-virtual-dtor’ is not valid for C
/home/windows/Desktop/cctv/node_modules/opencv-build/opencv/build/CMakeFiles/CMakeTmp/CheckIncludeFile.c:1:10: fatal error: sys/videoio.h: No such file or directory
 #include <sys/videoio.h>
          ^~~~~~~~~~~~~~~
compilation terminated.
CMakeFiles/cmTC_2d012.dir/build.make:65: recipe for target 'CMakeFiles/cmTC_2d012.dir/CheckIncludeFile.c.o' failed
make[1]: *** [CMakeFiles/cmTC_2d012.dir/CheckIncludeFile.c.o] Error 1
make[1]: Leaving directory '/home/windows/Desktop/cctv/node_modules/opencv-build/opencv/build/CMakeFiles/CMakeTmp'
Makefile:126: recipe for target 'cmTC_2d012/fast' failed
make: *** [cmTC_2d012/fast] Error 2


Build output check failed:
    Regex: 'unrecognized .*option'
    Output line: 'cc1plus: warning: unrecognized command line option ‘-Wno-tautological-undefined-compare’'
Compilation failed:
    source file: '/home/windows/Desktop/cctv/node_modules/opencv-build/opencv/build/CMakeFiles/CMakeTmp/src.cxx'
    check option: ' -Wno-tautological-undefined-compare'
===== BUILD LOG =====
Change Dir: /home/windows/Desktop/cctv/node_modules/opencv-build/opencv/build/CMakeFiles/CMakeTmp

Run Build Command:"/usr/bin/make" "cmTC_ad9f8/fast"
/usr/bin/make -f CMakeFiles/cmTC_ad9f8.dir/build.make CMakeFiles/cmTC_ad9f8.dir/build
make[1]: Entering directory '/home/windows/Desktop/cctv/node_modules/opencv-build/opencv/build/CMakeFiles/CMakeTmp'
Building CXX object CMakeFiles/cmTC_ad9f8.dir/src.cxx.o
/usr/bin/c++    -fsigned-char -W -Wall -Werror=return-type -Werror=non-virtual-dtor -Werror=address -Werror=sequence-point -Wformat -Werror=format-security -Winit-self -Wpointer-arith -Wuninitialized -Winit-self -Wno-delete-non-virtual-dtor -Wno-comment -Wimplicit-fallthrough=3 -Wno-strict-overflow -fdiagnostics-show-option -Wno-long-long -pthread -fomit-frame-pointer -ffunction-sections -fdata-sections  -msse -msse2 -msse3 -fvisibility=hidden -fvisibility-inlines-hidden -Wno-deprecated -Wno-missing-declarations -Wno-shadow -Wno-unused-parameter -Wno-unused-local-typedefs -Wno-sign-compare -Wno-sign-promo -Wno-undef  -O3 -DNDEBUG -fPIE   -Wno-tautological-undefined-compare -o CMakeFiles/cmTC_ad9f8.dir/src.cxx.o -c /home/windows/Desktop/cctv/node_modules/opencv-build/opencv/build/CMakeFiles/CMakeTmp/src.cxx
/home/windows/Desktop/cctv/node_modules/opencv-build/opencv/build/CMakeFiles/CMakeTmp/src.cxx:1:0: warning: ignoring #pragma   [-Wunknown-pragmas]
 #pragma
 
cc1plus: warning: unrecognized command line option ‘-Wno-tautological-undefined-compare’
Linking CXX executable cmTC_ad9f8
/usr/bin/cmake -E cmake_link_script CMakeFiles/cmTC_ad9f8.dir/link.txt --verbose=1
/usr/bin/c++     -fsigned-char -W -Wall -Werror=return-type -Werror=non-virtual-dtor -Werror=address -Werror=sequence-point -Wformat -Werror=format-security -Winit-self -Wpointer-arith -Wuninitialized -Winit-self -Wno-delete-non-virtual-dtor -Wno-comment -Wimplicit-fallthrough=3 -Wno-strict-overflow -fdiagnostics-show-option -Wno-long-long -pthread -fomit-frame-pointer -ffunction-sections -fdata-sections  -msse -msse2 -msse3 -fvisibility=hidden -fvisibility-inlines-hidden -Wno-deprecated -Wno-missing-declarations -Wno-shadow -Wno-unused-parameter -Wno-unused-local-typedefs -Wno-sign-compare -Wno-sign-promo -Wno-undef  -O3 -DNDEBUG    -Wl,--gc-sections  -rdynamic CMakeFiles/cmTC_ad9f8.dir/src.cxx.o  -o cmTC_ad9f8 
make[1]: Leaving directory '/home/windows/Desktop/cctv/node_modules/opencv-build/opencv/build/CMakeFiles/CMakeTmp'

===== END =====

Build output check failed:
    Regex: 'unrecognized .*option'
    Output line: 'cc1plus: warning: unrecognized command line option ‘-Wno-shorten-64-to-32’'
Compilation failed:
    source file: '/home/windows/Desktop/cctv/node_modules/opencv-build/opencv/build/CMakeFiles/CMakeTmp/src.cxx'
    check option: ' -Wno-shorten-64-to-32'
===== BUILD LOG =====
Change Dir: /home/windows/Desktop/cctv/node_modules/opencv-build/opencv/build/CMakeFiles/CMakeTmp

Run Build Command:"/usr/bin/make" "cmTC_0ada6/fast"
/usr/bin/make -f CMakeFiles/cmTC_0ada6.dir/build.make CMakeFiles/cmTC_0ada6.dir/build
make[1]: Entering directory '/home/windows/Desktop/cctv/node_modules/opencv-build/opencv/build/CMakeFiles/CMakeTmp'
Building CXX object CMakeFiles/cmTC_0ada6.dir/src.cxx.o
/usr/bin/c++    -fsigned-char -W -Wall -Werror=return-type -Werror=non-virtual-dtor -Werror=address -Werror=sequence-point -Wformat -Werror=format-security -Winit-self -Wpointer-arith -Wuninitialized -Winit-self -Wno-delete-non-virtual-dtor -Wno-comment -Wimplicit-fallthrough=3 -Wno-strict-overflow -fdiagnostics-show-option -Wno-long-long -pthread -fomit-frame-pointer -ffunction-sections -fdata-sections  -msse -msse2 -msse3 -fvisibility=hidden -fvisibility-inlines-hidden -Wno-deprecated -Wno-missing-declarations -Wno-shadow -Wno-unused-parameter -Wno-unused-local-typedefs -Wno-sign-compare -Wno-sign-promo -Wno-undef -Wno-ignored-qualifiers -Wno-extra -Wno-unused-function -Wno-unused-const-variable  -O3 -DNDEBUG -fPIE   -Wno-shorten-64-to-32 -o CMakeFiles/cmTC_0ada6.dir/src.cxx.o -c /home/windows/Desktop/cctv/node_modules/opencv-build/opencv/build/CMakeFiles/CMakeTmp/src.cxx
/home/windows/Desktop/cctv/node_modules/opencv-build/opencv/build/CMakeFiles/CMakeTmp/src.cxx:1:0: warning: ignoring #pragma   [-Wunknown-pragmas]
 #pragma
 
cc1plus: warning: unrecognized command line option ‘-Wno-shorten-64-to-32’
Linking CXX executable cmTC_0ada6
/usr/bin/cmake -E cmake_link_script CMakeFiles/cmTC_0ada6.dir/link.txt --verbose=1
/usr/bin/c++     -fsigned-char -W -Wall -Werror=return-type -Werror=non-virtual-dtor -Werror=address -Werror=sequence-point -Wformat -Werror=format-security -Winit-self -Wpointer-arith -Wuninitialized -Winit-self -Wno-delete-non-virtual-dtor -Wno-comment -Wimplicit-fallthrough=3 -Wno-strict-overflow -fdiagnostics-show-option -Wno-long-long -pthread -fomit-frame-pointer -ffunction-sections -fdata-sections  -msse -msse2 -msse3 -fvisibility=hidden -fvisibility-inlines-hidden -Wno-deprecated -Wno-missing-declarations -Wno-shadow -Wno-unused-parameter -Wno-unused-local-typedefs -Wno-sign-compare -Wno-sign-promo -Wno-undef -Wno-ignored-qualifiers -Wno-extra -Wno-unused-function -Wno-unused-const-variable  -O3 -DNDEBUG    -Wl,--gc-sections  -rdynamic CMakeFiles/cmTC_0ada6.dir/src.cxx.o  -o cmTC_0ada6 
make[1]: Leaving directory '/home/windows/Desktop/cctv/node_modules/opencv-build/opencv/build/CMakeFiles/CMakeTmp'

===== END =====

Build output check failed:
    Regex: 'unrecognized .*option'
    Output line: 'cc1plus: warning: unrecognized command line option ‘-Wno-enum-compare-switch’'
Compilation failed:
    source file: '/home/windows/Desktop/cctv/node_modules/opencv-build/opencv/build/CMakeFiles/CMakeTmp/src.cxx'
    check option: ' -Wno-enum-compare-switch'
===== BUILD LOG =====
Change Dir: /home/windows/Desktop/cctv/node_modules/opencv-build/opencv/build/CMakeFiles/CMakeTmp

Run Build Command:"/usr/bin/make" "cmTC_f7732/fast"
/usr/bin/make -f CMakeFiles/cmTC_f7732.dir/build.make CMakeFiles/cmTC_f7732.dir/build
make[1]: Entering directory '/home/windows/Desktop/cctv/node_modules/opencv-build/opencv/build/CMakeFiles/CMakeTmp'
Building CXX object CMakeFiles/cmTC_f7732.dir/src.cxx.o
/usr/bin/c++    -fsigned-char -W -Wall -Werror=return-type -Werror=non-virtual-dtor -Werror=address -Werror=sequence-point -Wformat -Werror=format-security -Winit-self -Wpointer-arith -Wuninitialized -Winit-self -Wno-delete-non-virtual-dtor -Wno-comment -Wimplicit-fallthrough=3 -Wno-strict-overflow -fdiagnostics-show-option -Wno-long-long -pthread -fomit-frame-pointer -ffunction-sections -fdata-sections  -msse -msse2 -msse3 -fvisibility=hidden -fvisibility-inlines-hidden -Wno-deprecated -Wno-missing-declarations -Wno-shadow -Wno-unused-parameter -Wno-unused-local-typedefs -Wno-sign-compare -Wno-sign-promo -Wno-undef -Wno-ignored-qualifiers -Wno-extra -Wno-unused-function -Wno-unused-const-variable -Wno-invalid-offsetof  -O3 -DNDEBUG -fPIE   -Wno-enum-compare-switch -o CMakeFiles/cmTC_f7732.dir/src.cxx.o -c /home/windows/Desktop/cctv/node_modules/opencv-build/opencv/build/CMakeFiles/CMakeTmp/src.cxx
/home/windows/Desktop/cctv/node_modules/opencv-build/opencv/build/CMakeFiles/CMakeTmp/src.cxx:1:0: warning: ignoring #pragma   [-Wunknown-pragmas]
 #pragma
 
cc1plus: warning: unrecognized command line option ‘-Wno-enum-compare-switch’
Linking CXX executable cmTC_f7732
/usr/bin/cmake -E cmake_link_script CMakeFiles/cmTC_f7732.dir/link.txt --verbose=1
/usr/bin/c++     -fsigned-char -W -Wall -Werror=return-type -Werror=non-virtual-dtor -Werror=address -Werror=sequence-point -Wformat -Werror=format-security -Winit-self -Wpointer-arith -Wuninitialized -Winit-self -Wno-delete-non-virtual-dtor -Wno-comment -Wimplicit-fallthrough=3 -Wno-strict-overflow -fdiagnostics-show-option -Wno-long-long -pthread -fomit-frame-pointer -ffunction-sections -fdata-sections  -msse -msse2 -msse3 -fvisibility=hidden -fvisibility-inlines-hidden -Wno-deprecated -Wno-missing-declarations -Wno-shadow -Wno-unused-parameter -Wno-unused-local-typedefs -Wno-sign-compare -Wno-sign-promo -Wno-undef -Wno-ignored-qualifiers -Wno-extra -Wno-unused-function -Wno-unused-const-variable -Wno-invalid-offsetof  -O3 -DNDEBUG    -Wl,--gc-sections  -rdynamic CMakeFiles/cmTC_f7732.dir/src.cxx.o  -o cmTC_f7732 
make[1]: Leaving directory '/home/windows/Desktop/cctv/node_modules/opencv-build/opencv/build/CMakeFiles/CMakeTmp'

===== END =====

